<?xml version="1.0" encoding="UTF-8"?>
<coverage generated="1658832315263" clover="3.2.0">
  <project timestamp="1658832315263" name="All files">
    <metrics statements="28" coveredstatements="23" conditionals="13" coveredconditionals="8" methods="7" coveredmethods="7" elements="48" coveredelements="38" complexity="0" loc="28" ncloc="28" packages="1" files="1" classes="1"/>
    <file name="book.service.js" path="/home/rakibul/Desktop/my/koaapp/firstkoaapp/api/book.service.js">
      <metrics statements="28" coveredstatements="23" conditionals="13" coveredconditionals="8" methods="7" coveredmethods="7"/>
      <line num="1" count="1" type="stmt"/>
      <line num="8" count="1" type="stmt"/>
      <line num="11" count="1" type="stmt"/>
      <line num="16" count="1" type="stmt"/>
      <line num="20" count="1" type="stmt"/>
      <line num="22" count="1" type="stmt"/>
      <line num="24" count="4" type="cond" truecount="1" falsecount="1"/>
      <line num="25" count="0" type="stmt"/>
      <line num="29" count="1" type="cond" truecount="1" falsecount="1"/>
      <line num="30" count="0" type="stmt"/>
      <line num="36" count="1" type="stmt"/>
      <line num="42" count="1" type="stmt"/>
      <line num="45" count="1" type="stmt"/>
      <line num="47" count="5" type="stmt"/>
      <line num="49" count="1" type="cond" truecount="1" falsecount="1"/>
      <line num="51" count="5" type="stmt"/>
      <line num="52" count="1" type="cond" truecount="1" falsecount="1"/>
      <line num="53" count="1" type="stmt"/>
      <line num="59" count="0" type="stmt"/>
      <line num="66" count="0" type="stmt"/>
      <line num="74" count="1" type="stmt"/>
      <line num="78" count="1" type="stmt"/>
      <line num="80" count="1" type="cond" truecount="1" falsecount="1"/>
      <line num="85" count="0" type="stmt"/>
      <line num="91" count="1" type="stmt"/>
      <line num="96" count="1" type="stmt"/>
      <line num="103" count="1" type="stmt"/>
      <line num="105" count="1" type="stmt"/>
    </file>
  </project>
</coverage>
