{"/home/rakibul/Desktop/my/koaapp/firstkoaapp/api/book.service.js": {"path":"/home/rakibul/Desktop/my/koaapp/firstkoaapp/api/book.service.js","statementMap":{"0":{"start":{"line":1,"column":14},"end":{"line":6,"column":1}},"1":{"start":{"line":8,"column":16},"end":{"line":17,"column":1}},"2":{"start":{"line":11,"column":21},"end":{"line":15,"column":5}},"3":{"start":{"line":16,"column":4},"end":{"line":16,"column":20}},"4":{"start":{"line":20,"column":20},"end":{"line":43,"column":1}},"5":{"start":{"line":22,"column":25},"end":{"line":27,"column":6}},"6":{"start":{"line":24,"column":8},"end":{"line":26,"column":9}},"7":{"start":{"line":25,"column":12},"end":{"line":25,"column":24}},"8":{"start":{"line":29,"column":4},"end":{"line":41,"column":5}},"9":{"start":{"line":30,"column":8},"end":{"line":34,"column":10}},"10":{"start":{"line":36,"column":8},"end":{"line":40,"column":10}},"11":{"start":{"line":42,"column":4},"end":{"line":42,"column":19}},"12":{"start":{"line":45,"column":23},"end":{"line":75,"column":1}},"13":{"start":{"line":47,"column":17},"end":{"line":47,"column":55}},"14":{"start":{"line":47,"column":40},"end":{"line":47,"column":54}},"15":{"start":{"line":49,"column":4},"end":{"line":71,"column":5}},"16":{"start":{"line":51,"column":29},"end":{"line":51,"column":75}},"17":{"start":{"line":51,"column":52},"end":{"line":51,"column":74}},"18":{"start":{"line":52,"column":8},"end":{"line":64,"column":9}},"19":{"start":{"line":53,"column":12},"end":{"line":57,"column":14}},"20":{"start":{"line":59,"column":12},"end":{"line":63,"column":14}},"21":{"start":{"line":66,"column":8},"end":{"line":70,"column":10}},"22":{"start":{"line":74,"column":4},"end":{"line":74,"column":19}},"23":{"start":{"line":78,"column":19},"end":{"line":104,"column":1}},"24":{"start":{"line":80,"column":4},"end":{"line":102,"column":5}},"25":{"start":{"line":85,"column":8},"end":{"line":89,"column":10}},"26":{"start":{"line":91,"column":22},"end":{"line":95,"column":10}},"27":{"start":{"line":96,"column":8},"end":{"line":101,"column":10}},"28":{"start":{"line":103,"column":4},"end":{"line":103,"column":19}},"29":{"start":{"line":105,"column":0},"end":{"line":105,"column":69}}},"fnMap":{"0":{"name":"(anonymous_0)","decl":{"start":{"line":8,"column":16},"end":{"line":8,"column":17}},"loc":{"start":{"line":9,"column":0},"end":{"line":17,"column":1}},"line":9},"1":{"name":"(anonymous_1)","decl":{"start":{"line":20,"column":20},"end":{"line":20,"column":21}},"loc":{"start":{"line":21,"column":0},"end":{"line":43,"column":1}},"line":21},"2":{"name":"(anonymous_2)","decl":{"start":{"line":22,"column":38},"end":{"line":22,"column":39}},"loc":{"start":{"line":23,"column":4},"end":{"line":27,"column":5}},"line":23},"3":{"name":"(anonymous_3)","decl":{"start":{"line":45,"column":23},"end":{"line":45,"column":24}},"loc":{"start":{"line":46,"column":0},"end":{"line":75,"column":1}},"line":46},"4":{"name":"(anonymous_4)","decl":{"start":{"line":47,"column":30},"end":{"line":47,"column":31}},"loc":{"start":{"line":47,"column":40},"end":{"line":47,"column":54}},"line":47},"5":{"name":"(anonymous_5)","decl":{"start":{"line":51,"column":42},"end":{"line":51,"column":43}},"loc":{"start":{"line":51,"column":52},"end":{"line":51,"column":74}},"line":51},"6":{"name":"(anonymous_6)","decl":{"start":{"line":78,"column":19},"end":{"line":78,"column":20}},"loc":{"start":{"line":79,"column":0},"end":{"line":104,"column":1}},"line":79}},"branchMap":{"0":{"loc":{"start":{"line":24,"column":8},"end":{"line":26,"column":9}},"type":"if","locations":[{"start":{"line":24,"column":8},"end":{"line":26,"column":9}},{"start":{},"end":{}}],"line":24},"1":{"loc":{"start":{"line":29,"column":4},"end":{"line":41,"column":5}},"type":"if","locations":[{"start":{"line":29,"column":4},"end":{"line":41,"column":5}},{"start":{"line":35,"column":11},"end":{"line":41,"column":5}}],"line":29},"2":{"loc":{"start":{"line":49,"column":4},"end":{"line":71,"column":5}},"type":"if","locations":[{"start":{"line":49,"column":4},"end":{"line":71,"column":5}},{"start":{"line":65,"column":11},"end":{"line":71,"column":5}}],"line":49},"3":{"loc":{"start":{"line":52,"column":8},"end":{"line":64,"column":9}},"type":"if","locations":[{"start":{"line":52,"column":8},"end":{"line":64,"column":9}},{"start":{"line":58,"column":15},"end":{"line":64,"column":9}}],"line":52},"4":{"loc":{"start":{"line":80,"column":4},"end":{"line":102,"column":5}},"type":"if","locations":[{"start":{"line":80,"column":4},"end":{"line":102,"column":5}},{"start":{"line":90,"column":11},"end":{"line":102,"column":5}}],"line":80},"5":{"loc":{"start":{"line":81,"column":8},"end":{"line":83,"column":20}},"type":"binary-expr","locations":[{"start":{"line":81,"column":8},"end":{"line":81,"column":16}},{"start":{"line":82,"column":8},"end":{"line":82,"column":18}},{"start":{"line":83,"column":8},"end":{"line":83,"column":20}}],"line":81}},"s":{"0":1,"1":1,"2":1,"3":1,"4":1,"5":1,"6":4,"7":0,"8":1,"9":0,"10":1,"11":1,"12":1,"13":1,"14":5,"15":1,"16":1,"17":5,"18":1,"19":1,"20":0,"21":0,"22":1,"23":1,"24":1,"25":0,"26":1,"27":1,"28":1,"29":1},"f":{"0":1,"1":1,"2":4,"3":1,"4":5,"5":5,"6":1},"b":{"0":[0,4],"1":[0,1],"2":[1,0],"3":[1,0],"4":[0,1],"5":[1,1,1]},"_coverageSchema":"1a1c01bbd47fc00a2c39e90264f33305004495a9","hash":"94ff415144d948a803e409546267194c60beb078"}
}
