TN:
SF:book.service.js
FN:8,(anonymous_0)
FN:20,(anonymous_1)
FN:22,(anonymous_2)
FN:45,(anonymous_3)
FN:47,(anonymous_4)
FN:51,(anonymous_5)
FN:78,(anonymous_6)
FNF:7
FNH:7
FNDA:1,(anonymous_0)
FNDA:1,(anonymous_1)
FNDA:4,(anonymous_2)
FNDA:1,(anonymous_3)
FNDA:5,(anonymous_4)
FNDA:5,(anonymous_5)
FNDA:1,(anonymous_6)
DA:1,1
DA:8,1
DA:11,1
DA:16,1
DA:20,1
DA:22,1
DA:24,4
DA:25,0
DA:29,1
DA:30,0
DA:36,1
DA:42,1
DA:45,1
DA:47,5
DA:49,1
DA:51,5
DA:52,1
DA:53,1
DA:59,0
DA:66,0
DA:74,1
DA:78,1
DA:80,1
DA:85,0
DA:91,1
DA:96,1
DA:103,1
DA:105,1
LF:28
LH:23
BRDA:24,0,0,0
BRDA:24,0,1,4
BRDA:29,1,0,0
BRDA:29,1,1,1
BRDA:49,2,0,1
BRDA:49,2,1,0
BRDA:52,3,0,1
BRDA:52,3,1,0
BRDA:80,4,0,0
BRDA:80,4,1,1
BRDA:81,5,0,1
BRDA:81,5,1,1
BRDA:81,5,2,1
BRF:13
BRH:8
end_of_record
